0 info it worked if it ends with ok
1 verbose cli [ 'node',
1 verbose cli   '/usr/local/bin/npm',
1 verbose cli   'install',
1 verbose cli   'socket-io-client',
1 verbose cli   '--save' ]
2 info using npm@1.4.28
3 info using node@v0.10.32
4 warn package.json testDoNation@1.0.0 No repository field.
5 warn package.json testDoNation@1.0.0 No README data
6 verbose readDependencies using package.json deps
7 verbose cache add [ 'socket-io-client', null ]
8 verbose cache add name=undefined spec="socket-io-client" args=["socket-io-client",null]
9 verbose parsed url { protocol: null,
9 verbose parsed url   slashes: null,
9 verbose parsed url   auth: null,
9 verbose parsed url   host: null,
9 verbose parsed url   port: null,
9 verbose parsed url   hostname: null,
9 verbose parsed url   hash: null,
9 verbose parsed url   search: null,
9 verbose parsed url   query: null,
9 verbose parsed url   pathname: 'socket-io-client',
9 verbose parsed url   path: 'socket-io-client',
9 verbose parsed url   href: 'socket-io-client' }
10 silly lockFile f36adbae-socket-io-client socket-io-client
11 verbose lock socket-io-client /Users/pabloportabales/.npm/f36adbae-socket-io-client.lock
12 silly lockFile f36adbae-socket-io-client socket-io-client
13 silly lockFile f36adbae-socket-io-client socket-io-client
14 verbose addNamed [ 'socket-io-client', '' ]
15 verbose addNamed [ null, '*' ]
16 silly lockFile b70baeaf-socket-io-client socket-io-client@
17 verbose lock socket-io-client@ /Users/pabloportabales/.npm/b70baeaf-socket-io-client.lock
18 silly addNameRange { name: 'socket-io-client', range: '*', hasData: false }
19 verbose request where is /socket-io-client
20 verbose request registry https://registry.npmjs.org/
21 verbose request id d97f7a73b39d7c73
22 verbose url raw /socket-io-client
23 verbose url resolving [ 'https://registry.npmjs.org/', './socket-io-client' ]
24 verbose url resolved https://registry.npmjs.org/socket-io-client
25 verbose request where is https://registry.npmjs.org/socket-io-client
26 info trying registry request attempt 1 at 22:05:05
27 http GET https://registry.npmjs.org/socket-io-client
28 http 404 https://registry.npmjs.org/socket-io-client
29 verbose headers { date: 'Sat, 13 Dec 2014 22:04:00 GMT',
29 verbose headers   server: 'CouchDB/1.5.0 (Erlang OTP/R16B03)',
29 verbose headers   'content-type': 'application/json',
29 verbose headers   'cache-control': 'max-age=0',
29 verbose headers   'content-length': '52',
29 verbose headers   'accept-ranges': 'bytes',
29 verbose headers   via: '1.1 varnish',
29 verbose headers   age: '0',
29 verbose headers   'x-served-by': 'cache-ams4140-AMS',
29 verbose headers   'x-cache': 'MISS',
29 verbose headers   'x-cache-hits': '0',
29 verbose headers   'x-timer': 'S1418508240.283297,VS0,VE369',
29 verbose headers   'keep-alive': 'timeout=10, max=50',
29 verbose headers   connection: 'Keep-Alive' }
30 silly registry.get cb [ 404,
30 silly registry.get   { date: 'Sat, 13 Dec 2014 22:04:00 GMT',
30 silly registry.get     server: 'CouchDB/1.5.0 (Erlang OTP/R16B03)',
30 silly registry.get     'content-type': 'application/json',
30 silly registry.get     'cache-control': 'max-age=0',
30 silly registry.get     'content-length': '52',
30 silly registry.get     'accept-ranges': 'bytes',
30 silly registry.get     via: '1.1 varnish',
30 silly registry.get     age: '0',
30 silly registry.get     'x-served-by': 'cache-ams4140-AMS',
30 silly registry.get     'x-cache': 'MISS',
30 silly registry.get     'x-cache-hits': '0',
30 silly registry.get     'x-timer': 'S1418508240.283297,VS0,VE369',
30 silly registry.get     'keep-alive': 'timeout=10, max=50',
30 silly registry.get     connection: 'Keep-Alive' } ]
31 silly lockFile b70baeaf-socket-io-client socket-io-client@
32 silly lockFile b70baeaf-socket-io-client socket-io-client@
33 error 404 404 Not Found: socket-io-client
33 error 404
33 error 404 'socket-io-client' is not in the npm registry.
33 error 404 You should bug the author to publish it
33 error 404 It was specified as a dependency of 'testDoNation'
33 error 404
33 error 404 Note that you can also install from a
33 error 404 tarball, folder, or http url, or git url.
34 error System Darwin 13.4.0
35 error command "node" "/usr/local/bin/npm" "install" "socket-io-client" "--save"
36 error cwd /Users/pabloportabales/projects/Makers/testNation
37 error node -v v0.10.32
38 error npm -v 1.4.28
39 error code E404
40 verbose exit [ 1, true ]
